<?xml version="1.0" encoding="UTF-8"?>
<!-- Generated by org.testng.reporters.JUnitXMLReporter -->
<testsuite ignored="0" hostname="DESKTOP-QH08G25" failures="0" tests="1" name="Test" time="45.168" errors="0" timestamp="02 May 2022 08:21:40 GMT">
  <testcase classname="com.actitime.generics.BaseTest" name="@BeforeMethod logintoapp" time="3.986">
    <failure type="java.io.FileNotFoundException" message=".\testdata\ActitimeData.xlsx (The system cannot find the path specified)">
      <![CDATA[java.io.FileNotFoundException: .\testdata\ActitimeData.xlsx (The system cannot find the path specified)
at java.base/java.io.FileInputStream.open0(Native Method)
at java.base/java.io.FileInputStream.open(FileInputStream.java:211)
at java.base/java.io.FileInputStream.<init>(FileInputStream.java:153)
at java.base/java.io.FileInputStream.<init>(FileInputStream.java:108)
at com.actitime.generics.ExcelLibrary.getcellvalue(ExcelLibrary.java:12)
at com.actitime.pom.ActitimeLoginPage.loginMethod(ActitimeLoginPage.java:45)
at com.actitime.generics.BaseTest.logintoapp(BaseTest.java:32)
... Removed 28 stack frames]]>
    </failure>
  </testcase> <!-- @BeforeMethod logintoapp -->
  <testcase classname="com.actitime.generics.BaseTest" name="@AfterMethod logoutfromapp" time="0.0">
    <skipped/>
  </testcase> <!-- @AfterMethod logoutfromapp -->
  <testcase classname="com.actitime.generics.BaseTest" name="@AfterClass teardown" time="0.0">
    <skipped/>
  </testcase> <!-- @AfterClass teardown -->
  <testcase classname="com.actitime.test.ActitimeLoginLogout" name="login" time="0.001">
    <skipped/>
  </testcase> <!-- login -->
</testsuite> <!-- Test -->
